<?xml version="1.0" encoding="UTF-8"?>
<!-- Generated by org.testng.reporters.JUnitReportReporter -->
<testsuite hostname="LAPTOP-L9PNFTFA" failures="0" tests="1" name="com.Movies.TestClass.TC_SearchBox_001" time="42.624" errors="0" timestamp="2022-12-07T12:29:31 IST" skipped="0">
  <testcase classname="com.Movies.TestClass.TC_SearchBox_001" name="SearchBOXEntervalue" time="42.624"/>
  <system-out/>
</testsuite> <!-- com.Movies.TestClass.TC_SearchBox_001 -->
