<?xml version="1.0" encoding="UTF-8"?>
<!-- Generated by org.testng.reporters.JUnitReportReporter -->
<testsuite hostname="LAPTOP-L9PNFTFA" failures="0" tests="3" name="com.Movies.TestClass.TC_Wikipedia_002" time="21.599" errors="0" timestamp="2022-12-08T16:45:12 IST" skipped="0">
  <testcase classname="com.Movies.TestClass.TC_Wikipedia_002" name="HomeTitle" time="21.595"/>
  <system-out/>
  <testcase classname="com.Movies.TestClass.TC_Wikipedia_002" name="MoviesReleaseDateValidate" time="0.003"/>
  <system-out/>
  <testcase classname="com.Movies.TestClass.TC_Wikipedia_002" name="MoviesReleaseCountry" time="0.001"/>
  <system-out/>
</testsuite> <!-- com.Movies.TestClass.TC_Wikipedia_002 -->
